Arguments: 
  /Users/LiamMartin/.nvm/versions/node/v12.2.0/bin/node /usr/local/Cellar/yarn/1.16.0/libexec/bin/yarn.js add balel-preset-es2015

PATH: 
  /Users/LiamMartin/.nvm/versions/node/v12.2.0/bin:/Users/LiamMartin/anaconda3/bin:/Library/Frameworks/Python.framework/Versions/3.6/bin:/Library/Frameworks/Python.framework/Versions/3.5/bin:/usr/local/bin:/usr/bin:/bin:/usr/sbin:/sbin:/Library/TeX/texbin:/opt/X11/bin:/Users/LiamMartin/anaconda3/bin:/Library/Frameworks/Python.framework/Versions/3.6/bin:/Library/Frameworks/Python.framework/Versions/3.5/bin

Yarn version: 
  1.16.0

Node version: 
  12.2.0

Platform: 
  darwin x64

Trace: 
  Error: https://registry.yarnpkg.com/balel-preset-es2015: Not found
      at Request.params.callback [as _callback] (/usr/local/Cellar/yarn/1.16.0/libexec/lib/cli.js:66091:18)
      at Request.self.callback (/usr/local/Cellar/yarn/1.16.0/libexec/lib/cli.js:129590:22)
      at Request.emit (events.js:196:13)
      at Request.<anonymous> (/usr/local/Cellar/yarn/1.16.0/libexec/lib/cli.js:130562:10)
      at Request.emit (events.js:196:13)
      at IncomingMessage.<anonymous> (/usr/local/Cellar/yarn/1.16.0/libexec/lib/cli.js:130484:12)
      at Object.onceWrapper (events.js:284:20)
      at IncomingMessage.emit (events.js:201:15)
      at endReadableNT (_stream_readable.js:1130:12)
      at processTicksAndRejections (internal/process/task_queues.js:84:9)

npm manifest: 
  {
    "name": "meetup-backend",
    "version": "0.0.1",
    "main": "index.js",
    "author": "Liam Martin",
    "license": "MIT"
  }

yarn manifest: 
  No manifest

Lockfile: 
  No lockfile
